<?xml version="1.0" encoding="UTF-8"?>
<!-- Generated by org.testng.reporters.JUnitXMLReporter -->
<testsuite ignored="26" hostname="LAPTOP-F5VHM22K" failures="1" tests="1" name="SeleniumTestNG" time="7.217" errors="0" timestamp="2026-04-20T08:31:19 IST">
  <testcase classname="seleniumUITest.tests.TestNGTestClass" name="TestButton" time="1.179">
    <failure type="org.openqa.selenium.ElementClickInterceptedException" message="element click intercepted: Element &amp;lt;h5&amp;gt;...&amp;lt;/h5&amp;gt; is not clickable at point (154, 669). Other element would receive the click: &amp;lt;footer&amp;gt;...&amp;lt;/footer&amp;gt;
  (Session info: chrome=147.0.7727.102)
Build info: version: &amp;apos;4.22.0&amp;apos;, revision: &amp;apos;c5f3146703*&amp;apos;
System info: os.name: &amp;apos;Windows 11&amp;apos;, os.arch: &amp;apos;amd64&amp;apos;, os.version: &amp;apos;10.0&amp;apos;, java.version: &amp;apos;25.0.2&amp;apos;
Driver info: org.openqa.selenium.chrome.ChromeDriver
Command: [280d453c1454ebd9bc5ac67863213b21, clickElement {id=f.54249F83305133034E9F67A91902CF2D.d.907DB1749F6DE9F391D8924C31CE34DE.e.3}]
Capabilities {acceptInsecureCerts: false, browserName: chrome, browserVersion: 147.0.7727.102, chrome: {chromedriverVersion: 147.0.7727.57 (b4f28b5637d0..., userDataDir: C:\Users\ABHILA~1\AppData\L...}, fedcm:accounts: true, goog:chromeOptions: {debuggerAddress: localhost:61653}, goog:processID: 13400, networkConnectionEnabled: false, pageLoadStrategy: normal, platformName: windows, proxy: Proxy(), se:cdp: ws://localhost:61653/devtoo..., se:cdpVersion: 147.0.7727.102, setWindowRect: true, strictFileInteractability: false, timeouts: {implicit: 0, pageLoad: 300000, script: 30000}, unhandledPromptBehavior: dismiss and notify, webauthn:extension:credBlob: true, webauthn:extension:largeBlob: true, webauthn:extension:minPinLength: true, webauthn:extension:prf: true, webauthn:virtualAuthenticators: true}
Element: [[ChromeDriver: chrome on windows (280d453c1454ebd9bc5ac67863213b21)] -&amp;gt; xpath: //*[@class=&amp;quot;category-cards&amp;quot;]//following::div[@class=&amp;quot;card-body&amp;quot;]//h5[contains(text(),&amp;quot;Elements&amp;quot;)]]
Session ID: 280d453c1454ebd9bc5ac67863213b21">
      <![CDATA[org.openqa.selenium.ElementClickInterceptedException: element click intercepted: Element <h5>...</h5> is not clickable at point (154, 669). Other element would receive the click: <footer>...</footer>
  (Session info: chrome=147.0.7727.102)
Build info: version: '4.22.0', revision: 'c5f3146703*'
System info: os.name: 'Windows 11', os.arch: 'amd64', os.version: '10.0', java.version: '25.0.2'
Driver info: org.openqa.selenium.chrome.ChromeDriver
Command: [280d453c1454ebd9bc5ac67863213b21, clickElement {id=f.54249F83305133034E9F67A91902CF2D.d.907DB1749F6DE9F391D8924C31CE34DE.e.3}]
Capabilities {acceptInsecureCerts: false, browserName: chrome, browserVersion: 147.0.7727.102, chrome: {chromedriverVersion: 147.0.7727.57 (b4f28b5637d0..., userDataDir: C:\Users\ABHILA~1\AppData\L...}, fedcm:accounts: true, goog:chromeOptions: {debuggerAddress: localhost:61653}, goog:processID: 13400, networkConnectionEnabled: false, pageLoadStrategy: normal, platformName: windows, proxy: Proxy(), se:cdp: ws://localhost:61653/devtoo..., se:cdpVersion: 147.0.7727.102, setWindowRect: true, strictFileInteractability: false, timeouts: {implicit: 0, pageLoad: 300000, script: 30000}, unhandledPromptBehavior: dismiss and notify, webauthn:extension:credBlob: true, webauthn:extension:largeBlob: true, webauthn:extension:minPinLength: true, webauthn:extension:prf: true, webauthn:virtualAuthenticators: true}
Element: [[ChromeDriver: chrome on windows (280d453c1454ebd9bc5ac67863213b21)] -> xpath: //*[@class="category-cards"]//following::div[@class="card-body"]//h5[contains(text(),"Elements")]]
Session ID: 280d453c1454ebd9bc5ac67863213b21
at org.openqa.selenium.remote.ErrorCodec.decode(ErrorCodec.java:167)
at org.openqa.selenium.remote.codec.w3c.W3CHttpResponseCodec.decode(W3CHttpResponseCodec.java:138)
at org.openqa.selenium.remote.codec.w3c.W3CHttpResponseCodec.decode(W3CHttpResponseCodec.java:50)
at org.openqa.selenium.remote.HttpCommandExecutor.execute(HttpCommandExecutor.java:190)
at org.openqa.selenium.remote.service.DriverCommandExecutor.invokeExecute(DriverCommandExecutor.java:216)
at org.openqa.selenium.remote.service.DriverCommandExecutor.execute(DriverCommandExecutor.java:174)
at org.openqa.selenium.remote.RemoteWebDriver.execute(RemoteWebDriver.java:518)
at org.openqa.selenium.remote.RemoteWebElement.execute(RemoteWebElement.java:223)
at org.openqa.selenium.remote.RemoteWebElement.click(RemoteWebElement.java:76)
at seleniumUITest.tests.TestNGTestClass.HandlingButton(TestNGTestClass.java:366)
at seleniumUITest.tests.TestNGTestClass.TestButton(TestNGTestClass.java:51)
at java.base/java.util.ArrayList.forEach(ArrayList.java:1604)
at java.base/java.util.concurrent.FutureTask.run(FutureTask.java:328)
at java.base/java.util.concurrent.ThreadPoolExecutor.runWorker(ThreadPoolExecutor.java:1090)
at java.base/java.util.concurrent.ThreadPoolExecutor$Worker.run(ThreadPoolExecutor.java:614)
at java.base/java.lang.Thread.run(Thread.java:1474)
... Removed 18 stack frames]]>
    </failure>
  </testcase> <!-- TestButton -->
  <testcase classname="seleniumUITest.tests.TestNGTestClass" name="TestDroppable" time="0.0">
    <ignored/>
  </testcase> <!-- TestDroppable -->
  <testcase classname="seleniumUITest.tests.TestNGTestClass" name="TestDatePicker" time="0.0">
    <ignored/>
  </testcase> <!-- TestDatePicker -->
  <testcase classname="seleniumUITest.tests.TestNGTestClass" name="TestMultipleFrame" time="0.0">
    <ignored/>
  </testcase> <!-- TestMultipleFrame -->
  <testcase classname="seleniumUITest.tests.TestNGTestClass" name="TestAlert" time="0.0">
    <ignored/>
  </testcase> <!-- TestAlert -->
  <testcase classname="seleniumUITest.tests.TestNGTestClass" name="TestWebTable" time="0.0">
    <ignored/>
  </testcase> <!-- TestWebTable -->
  <testcase classname="seleniumUITest.tests.TestNGTestClass" name="TestFrame" time="0.0">
    <ignored/>
  </testcase> <!-- TestFrame -->
  <testcase classname="seleniumUITest.tests.TestNGTestClass" name="TestBrowserWindow" time="0.0">
    <ignored/>
  </testcase> <!-- TestBrowserWindow -->
  <testcase classname="seleniumUITest.tests.TestNGTestClass" name="TestSortable" time="0.0">
    <ignored/>
  </testcase> <!-- TestSortable -->
  <testcase classname="seleniumUITest.tests.TestNGTestClass" name="TestRadioButton" time="0.0">
    <ignored/>
  </testcase> <!-- TestRadioButton -->
  <testcase classname="seleniumUITest.tests.TestNGTestClass" name="TestTextBox" time="0.0">
    <ignored/>
  </testcase> <!-- TestTextBox -->
  <testcase classname="seleniumUITest.tests.TestNGTestClass" name="TestMenu" time="0.0">
    <ignored/>
  </testcase> <!-- TestMenu -->
  <testcase classname="seleniumUITest.tests.TestNGTestClass" name="TestPracticeForm" time="0.0">
    <ignored/>
  </testcase> <!-- TestPracticeForm -->
  <testcase classname="seleniumUITest.tests.TestNGTestClass" name="TestUpload" time="0.0">
    <ignored/>
  </testcase> <!-- TestUpload -->
  <testcase classname="seleniumUITest.tests.TestNGTestClass" name="TestResizable" time="0.0">
    <ignored/>
  </testcase> <!-- TestResizable -->
  <testcase classname="seleniumUITest.tests.TestNGTestClass" name="TestProgressBar" time="0.0">
    <ignored/>
  </testcase> <!-- TestProgressBar -->
  <testcase classname="seleniumUITest.tests.TestNGTestClass" name="TestDraggable" time="0.0">
    <ignored/>
  </testcase> <!-- TestDraggable -->
  <testcase classname="seleniumUITest.tests.TestNGTestClass" name="TestSelectable" time="0.0">
    <ignored/>
  </testcase> <!-- TestSelectable -->
  <testcase classname="seleniumUITest.tests.TestNGTestClass" name="TestModalDialog" time="0.0">
    <ignored/>
  </testcase> <!-- TestModalDialog -->
  <testcase classname="seleniumUITest.tests.TestNGTestClass" name="TestSlider" time="0.0">
    <ignored/>
  </testcase> <!-- TestSlider -->
  <testcase classname="seleniumUITest.tests.TestNGTestClass" name="TestTabs" time="0.0">
    <ignored/>
  </testcase> <!-- TestTabs -->
  <testcase classname="seleniumUITest.tests.TestNGTestClass" name="TestAutoComplete" time="0.0">
    <ignored/>
  </testcase> <!-- TestAutoComplete -->
  <testcase classname="seleniumUITest.tests.TestNGTestClass" name="TestLink" time="0.0">
    <ignored/>
  </testcase> <!-- TestLink -->
  <testcase classname="seleniumUITest.tests.TestNGTestClass" name="TestAccordion" time="0.0">
    <ignored/>
  </testcase> <!-- TestAccordion -->
  <testcase classname="seleniumUITest.tests.TestNGTestClass" name="TestSelectMenu" time="0.0">
    <ignored/>
  </testcase> <!-- TestSelectMenu -->
  <testcase classname="seleniumUITest.tests.TestNGTestClass" name="TestToolTip" time="0.0">
    <ignored/>
  </testcase> <!-- TestToolTip -->
  <testcase classname="seleniumUITest.tests.TestNGTestClass" name="TestCheckBox" time="0.0">
    <ignored/>
  </testcase> <!-- TestCheckBox -->
</testsuite> <!-- SeleniumTestNG -->
