<?xml version="1.0" encoding="UTF-8"?>
<!-- Generated by org.testng.reporters.JUnitXMLReporter -->
<testsuite ignored="26" hostname="LAPTOP-F5VHM22K" failures="1" tests="1" name="SeleniumTestNG" time="8.875" errors="0" timestamp="2026-03-13T17:53:37 IST">
  <testcase classname="seleniumUITest.BaseSetUp" name="@AfterMethod tearDown" time="0.192">
    <failure type="java.lang.NullPointerException" message="Cannot invoke &amp;quot;net.lightbody.bmp.BrowserMobProxy.getHar()&amp;quot; because &amp;quot;seleniumUITest.BaseSetUp.proxy&amp;quot; is null">
      <![CDATA[java.lang.NullPointerException: Cannot invoke "net.lightbody.bmp.BrowserMobProxy.getHar()" because "seleniumUITest.BaseSetUp.proxy" is null
at seleniumUITest.BaseSetUp.tearDown(BaseSetUp.java:73)
at java.base/java.util.ArrayList.forEach(ArrayList.java:1597)
at java.base/java.util.concurrent.FutureTask.run(FutureTask.java:317)
at java.base/java.util.concurrent.ThreadPoolExecutor.runWorker(ThreadPoolExecutor.java:1144)
at java.base/java.util.concurrent.ThreadPoolExecutor$Worker.run(ThreadPoolExecutor.java:642)
at java.base/java.lang.Thread.run(Thread.java:1570)
... Removed 20 stack frames]]>
    </failure>
  </testcase> <!-- @AfterMethod tearDown -->
  <testcase classname="seleniumUITest.TestNGTestClass" name="TestButton" time="0.113">
    <failure type="org.openqa.selenium.NoSuchElementException" message="no such element: Unable to locate element: {&amp;quot;method&amp;quot;:&amp;quot;xpath&amp;quot;,&amp;quot;selector&amp;quot;:&amp;quot;//*[@class=&amp;quot;accordion&amp;quot;]//div[@class=&amp;quot;element-group&amp;quot;]//following::span[@class=&amp;quot;text&amp;quot; and contains(text(),&amp;quot;Buttons&amp;quot;)]&amp;quot;}
  (Session info: chrome=145.0.7632.162)
For documentation on this error, please visit: https://www.selenium.dev/documentation/webdriver/troubleshooting/errors#no-such-element-exception
Build info: version: &amp;apos;4.11.0&amp;apos;, revision: &amp;apos;040bc5406b&amp;apos;
System info: os.name: &amp;apos;Windows 11&amp;apos;, os.arch: &amp;apos;amd64&amp;apos;, os.version: &amp;apos;10.0&amp;apos;, java.version: &amp;apos;22.0.1&amp;apos;
Driver info: org.openqa.selenium.chrome.ChromeDriver
Command: [0bac7cc092a01f993949ff27089183ff, findElement {using=xpath, value=//*[@class=&amp;quot;accordion&amp;quot;]//div[@class=&amp;quot;element-group&amp;quot;]//following::span[@class=&amp;quot;text&amp;quot; and contains(text(),&amp;quot;Buttons&amp;quot;)]}]
Capabilities {acceptInsecureCerts: false, browserName: chrome, browserVersion: 145.0.7632.162, chrome: {chromedriverVersion: 145.0.7632.117 (de4e5d6e13b..., userDataDir: C:\Users\ABHILA~1\AppData\L...}, fedcm:accounts: true, goog:chromeOptions: {debuggerAddress: localhost:52746}, goog:processID: 15536, networkConnectionEnabled: false, pageLoadStrategy: normal, platformName: windows, proxy: Proxy(), se:cdp: ws://localhost:52746/devtoo..., se:cdpVersion: 145.0.7632.162, setWindowRect: true, strictFileInteractability: false, timeouts: {implicit: 0, pageLoad: 300000, script: 30000}, unhandledPromptBehavior: dismiss and notify, webauthn:extension:credBlob: true, webauthn:extension:largeBlob: true, webauthn:extension:minPinLength: true, webauthn:extension:prf: true, webauthn:virtualAuthenticators: true}
Session ID: 0bac7cc092a01f993949ff27089183ff">
      <![CDATA[org.openqa.selenium.NoSuchElementException: no such element: Unable to locate element: {"method":"xpath","selector":"//*[@class="accordion"]//div[@class="element-group"]//following::span[@class="text" and contains(text(),"Buttons")]"}
  (Session info: chrome=145.0.7632.162)
For documentation on this error, please visit: https://www.selenium.dev/documentation/webdriver/troubleshooting/errors#no-such-element-exception
Build info: version: '4.11.0', revision: '040bc5406b'
System info: os.name: 'Windows 11', os.arch: 'amd64', os.version: '10.0', java.version: '22.0.1'
Driver info: org.openqa.selenium.chrome.ChromeDriver
Command: [0bac7cc092a01f993949ff27089183ff, findElement {using=xpath, value=//*[@class="accordion"]//div[@class="element-group"]//following::span[@class="text" and contains(text(),"Buttons")]}]
Capabilities {acceptInsecureCerts: false, browserName: chrome, browserVersion: 145.0.7632.162, chrome: {chromedriverVersion: 145.0.7632.117 (de4e5d6e13b..., userDataDir: C:\Users\ABHILA~1\AppData\L...}, fedcm:accounts: true, goog:chromeOptions: {debuggerAddress: localhost:52746}, goog:processID: 15536, networkConnectionEnabled: false, pageLoadStrategy: normal, platformName: windows, proxy: Proxy(), se:cdp: ws://localhost:52746/devtoo..., se:cdpVersion: 145.0.7632.162, setWindowRect: true, strictFileInteractability: false, timeouts: {implicit: 0, pageLoad: 300000, script: 30000}, unhandledPromptBehavior: dismiss and notify, webauthn:extension:credBlob: true, webauthn:extension:largeBlob: true, webauthn:extension:minPinLength: true, webauthn:extension:prf: true, webauthn:virtualAuthenticators: true}
Session ID: 0bac7cc092a01f993949ff27089183ff
at org.openqa.selenium.remote.codec.w3c.W3CHttpResponseCodec.createException(W3CHttpResponseCodec.java:200)
at org.openqa.selenium.remote.codec.w3c.W3CHttpResponseCodec.decode(W3CHttpResponseCodec.java:133)
at org.openqa.selenium.remote.codec.w3c.W3CHttpResponseCodec.decode(W3CHttpResponseCodec.java:52)
at org.openqa.selenium.remote.HttpCommandExecutor.execute(HttpCommandExecutor.java:191)
at org.openqa.selenium.remote.service.DriverCommandExecutor.invokeExecute(DriverCommandExecutor.java:196)
at org.openqa.selenium.remote.service.DriverCommandExecutor.execute(DriverCommandExecutor.java:171)
at org.openqa.selenium.remote.RemoteWebDriver.execute(RemoteWebDriver.java:518)
at org.openqa.selenium.remote.ElementLocation$ElementFinder$2.findElement(ElementLocation.java:165)
at org.openqa.selenium.remote.ElementLocation.findElement(ElementLocation.java:59)
at org.openqa.selenium.remote.RemoteWebDriver.findElement(RemoteWebDriver.java:355)
at org.openqa.selenium.remote.RemoteWebDriver.findElement(RemoteWebDriver.java:349)
at seleniumUITest.SeleniumDemoTest.HandlingButton(SeleniumDemoTest.java:196)
at seleniumUITest.TestNGTestClass.TestButton(TestNGTestClass.java:12)
at java.base/java.util.ArrayList.forEach(ArrayList.java:1597)
at java.base/java.util.concurrent.FutureTask.run(FutureTask.java:317)
at java.base/java.util.concurrent.ThreadPoolExecutor.runWorker(ThreadPoolExecutor.java:1144)
at java.base/java.util.concurrent.ThreadPoolExecutor$Worker.run(ThreadPoolExecutor.java:642)
at java.base/java.lang.Thread.run(Thread.java:1570)
... Removed 18 stack frames]]>
    </failure>
  </testcase> <!-- TestButton -->
  <testcase classname="seleniumUITest.TestNGTestClass" name="TestWebTable" time="0.0">
    <ignored/>
  </testcase> <!-- TestWebTable -->
  <testcase classname="seleniumUITest.TestNGTestClass" name="TestRadioButton" time="0.0">
    <ignored/>
  </testcase> <!-- TestRadioButton -->
  <testcase classname="seleniumUITest.TestNGTestClass" name="TestFrame" time="0.0">
    <ignored/>
  </testcase> <!-- TestFrame -->
  <testcase classname="seleniumUITest.TestNGTestClass" name="TestSlider" time="0.0">
    <ignored/>
  </testcase> <!-- TestSlider -->
  <testcase classname="seleniumUITest.TestNGTestClass" name="TestSelectable" time="0.0">
    <ignored/>
  </testcase> <!-- TestSelectable -->
  <testcase classname="seleniumUITest.TestNGTestClass" name="TestSortable" time="0.0">
    <ignored/>
  </testcase> <!-- TestSortable -->
  <testcase classname="seleniumUITest.TestNGTestClass" name="TestProgressBar" time="0.0">
    <ignored/>
  </testcase> <!-- TestProgressBar -->
  <testcase classname="seleniumUITest.TestNGTestClass" name="TestMenu" time="0.0">
    <ignored/>
  </testcase> <!-- TestMenu -->
  <testcase classname="seleniumUITest.TestNGTestClass" name="TestDroppable" time="0.0">
    <ignored/>
  </testcase> <!-- TestDroppable -->
  <testcase classname="seleniumUITest.TestNGTestClass" name="TestTabs" time="0.0">
    <ignored/>
  </testcase> <!-- TestTabs -->
  <testcase classname="seleniumUITest.TestNGTestClass" name="TestPracticeForm" time="0.0">
    <ignored/>
  </testcase> <!-- TestPracticeForm -->
  <testcase classname="seleniumUITest.TestNGTestClass" name="TestCheckBox" time="0.0">
    <ignored/>
  </testcase> <!-- TestCheckBox -->
  <testcase classname="seleniumUITest.TestNGTestClass" name="TestAlert" time="0.0">
    <ignored/>
  </testcase> <!-- TestAlert -->
  <testcase classname="seleniumUITest.TestNGTestClass" name="TestMultipleFrame" time="0.0">
    <ignored/>
  </testcase> <!-- TestMultipleFrame -->
  <testcase classname="seleniumUITest.TestNGTestClass" name="TestAccordion" time="0.0">
    <ignored/>
  </testcase> <!-- TestAccordion -->
  <testcase classname="seleniumUITest.TestNGTestClass" name="TestLink" time="0.0">
    <ignored/>
  </testcase> <!-- TestLink -->
  <testcase classname="seleniumUITest.TestNGTestClass" name="TestAutoComplete" time="0.0">
    <ignored/>
  </testcase> <!-- TestAutoComplete -->
  <testcase classname="seleniumUITest.TestNGTestClass" name="TestBrowserWindow" time="0.0">
    <ignored/>
  </testcase> <!-- TestBrowserWindow -->
  <testcase classname="seleniumUITest.TestNGTestClass" name="TestResizable" time="0.0">
    <ignored/>
  </testcase> <!-- TestResizable -->
  <testcase classname="seleniumUITest.TestNGTestClass" name="TestTextBox" time="0.0">
    <ignored/>
  </testcase> <!-- TestTextBox -->
  <testcase classname="seleniumUITest.TestNGTestClass" name="TestUpload" time="0.0">
    <ignored/>
  </testcase> <!-- TestUpload -->
  <testcase classname="seleniumUITest.TestNGTestClass" name="TestToolTip" time="0.0">
    <ignored/>
  </testcase> <!-- TestToolTip -->
  <testcase classname="seleniumUITest.TestNGTestClass" name="TestSelectMenu" time="0.0">
    <ignored/>
  </testcase> <!-- TestSelectMenu -->
  <testcase classname="seleniumUITest.TestNGTestClass" name="TestDraggable" time="0.0">
    <ignored/>
  </testcase> <!-- TestDraggable -->
  <testcase classname="seleniumUITest.TestNGTestClass" name="TestModalDialog" time="0.0">
    <ignored/>
  </testcase> <!-- TestModalDialog -->
  <testcase classname="seleniumUITest.TestNGTestClass" name="TestDatePicker" time="0.0">
    <ignored/>
  </testcase> <!-- TestDatePicker -->
</testsuite> <!-- SeleniumTestNG -->
