-------------------------------------------------------------------------------
Test set: TestSuite
-------------------------------------------------------------------------------
Tests run: 3, Failures: 1, Errors: 0, Skipped: 2, Time elapsed: 275.741 s <<< FAILURE! - in TestSuite
test(seleniumUITest.base.Selenium2DemoTest)  Time elapsed: 74.199 s  <<< FAILURE!
org.openqa.selenium.TimeoutException: 
Expected condition failed: waiting for visibility of element located by By.cssSelector: #modal-wrapper > div > div :has(button[id="modal-close"])>button (tried for 60 second(s) with 500 milliseconds interval)
Build info: version: '4.11.0', revision: '040bc5406b'
System info: os.name: 'Windows 11', os.arch: 'amd64', os.version: '10.0', java.version: '22.0.1'
Driver info: org.openqa.selenium.chrome.ChromeDriver
Capabilities {acceptInsecureCerts: false, browserName: chrome, browserVersion: 147.0.7727.57, chrome: {chromedriverVersion: 147.0.7727.57 (b4f28b5637d0..., userDataDir: C:\Users\ABHILA~1\AppData\L...}, fedcm:accounts: true, goog:chromeOptions: {debuggerAddress: localhost:61171}, goog:processID: 26816, networkConnectionEnabled: false, pageLoadStrategy: normal, platformName: windows, proxy: Proxy(), se:cdp: ws://localhost:61171/devtoo..., se:cdpVersion: 147.0.7727.57, setWindowRect: true, strictFileInteractability: false, timeouts: {implicit: 0, pageLoad: 300000, script: 30000}, unhandledPromptBehavior: dismiss and notify, webauthn:extension:credBlob: true, webauthn:extension:largeBlob: true, webauthn:extension:minPinLength: true, webauthn:extension:prf: true, webauthn:virtualAuthenticators: true}
Session ID: 894d4a60a5a2008452d98069b78a3d78
	at seleniumUITest.base.Selenium2DemoTest.HomePageMethodToHandleModalAndBanner(Selenium2DemoTest.java:36)
	at seleniumUITest.base.Selenium2DemoTest.test(Selenium2DemoTest.java:53)

