<?xml version="1.0" encoding="UTF-8"?>
<testng-results ignored="0" total="1" passed="1" failed="0" skipped="0">
  <reporter-output>
  </reporter-output>
  <suite started-at="2026-03-26T14:16:59 IST" name="Suite" finished-at="2026-03-26T14:17:07 IST" duration-ms="8387">
    <groups>
    </groups>
    <test started-at="2026-03-26T14:16:59 IST" name="SeleniumTestNG" finished-at="2026-03-26T14:17:07 IST" duration-ms="8387">
      <class name="seleniumUITest.Selenium2DemoTest">
        <test-method signature="test()[pri:0, instance:seleniumUITest.Selenium2DemoTest@5b8dfcc1]" started-at="2026-03-26T14:16:59 IST" name="test" finished-at="2026-03-26T14:17:07 IST" duration-ms="8347" status="PASS">
          <reporter-output>
          </reporter-output>
        </test-method> <!-- test -->
      </class> <!-- seleniumUITest.Selenium2DemoTest -->
    </test> <!-- SeleniumTestNG -->
  </suite> <!-- Suite -->
</testng-results>
