<?xml version="1.0" encoding="UTF-8"?>
<!-- Generated by org.testng.reporters.JUnitReportReporter -->
<testsuite hostname="LAPTOP-F5VHM22K" failures="0" tests="28" name="seleniumUITest.TestNGTestClass" time="8.644" errors="2" timestamp="2026-03-13T17:53:37 IST" skipped="26">
  <testcase classname="seleniumUITest.TestNGTestClass" name="tearDown" time="8.531">
    <error message="Cannot invoke &quot;net.lightbody.bmp.BrowserMobProxy.getHar()&quot; because &quot;seleniumUITest.BaseSetUp.proxy&quot; is null" type="java.lang.NullPointerException">
      <![CDATA[java.lang.NullPointerException: Cannot invoke "net.lightbody.bmp.BrowserMobProxy.getHar()" because "seleniumUITest.BaseSetUp.proxy" is null
at seleniumUITest.BaseSetUp.tearDown(BaseSetUp.java:73)
at java.base/jdk.internal.reflect.DirectMethodHandleAccessor.invoke(DirectMethodHandleAccessor.java:103)
at java.base/java.lang.reflect.Method.invoke(Method.java:580)
at org.testng.internal.invokers.MethodInvocationHelper.invokeMethod(MethodInvocationHelper.java:141)
at org.testng.internal.invokers.MethodInvocationHelper.invokeMethodConsideringTimeout(MethodInvocationHelper.java:71)
at org.testng.internal.invokers.ConfigInvoker.invokeConfigurationMethod(ConfigInvoker.java:400)
at org.testng.internal.invokers.ConfigInvoker.invokeConfigurations(ConfigInvoker.java:333)
at org.testng.internal.invokers.TestInvoker.runConfigMethods(TestInvoker.java:833)
at org.testng.internal.invokers.TestInvoker.runAfterConfigurations(TestInvoker.java:802)
at org.testng.internal.invokers.TestInvoker.invokeMethod(TestInvoker.java:778)
at org.testng.internal.invokers.TestInvoker.invokeTestMethod(TestInvoker.java:230)
at org.testng.internal.invokers.MethodRunner.runInSequence(MethodRunner.java:63)
at org.testng.internal.invokers.TestInvoker$MethodInvocationAgent.invoke(TestInvoker.java:992)
at org.testng.internal.invokers.TestInvoker.invokeTestMethods(TestInvoker.java:203)
at org.testng.internal.invokers.TestMethodWorker.invokeTestMethods(TestMethodWorker.java:154)
at org.testng.internal.invokers.TestMethodWorker.run(TestMethodWorker.java:134)
at java.base/java.util.ArrayList.forEach(ArrayList.java:1597)
at org.testng.TestRunner.privateRun(TestRunner.java:739)
at org.testng.TestRunner.run(TestRunner.java:614)
at org.testng.SuiteRunner.runTest(SuiteRunner.java:421)
at org.testng.SuiteRunner$SuiteWorker.run(SuiteRunner.java:463)
at org.testng.internal.thread.ThreadUtil.lambda$execute$0(ThreadUtil.java:64)
at java.base/java.util.concurrent.FutureTask.run(FutureTask.java:317)
at java.base/java.util.concurrent.ThreadPoolExecutor.runWorker(ThreadPoolExecutor.java:1144)
at java.base/java.util.concurrent.ThreadPoolExecutor$Worker.run(ThreadPoolExecutor.java:642)
at java.base/java.lang.Thread.run(Thread.java:1570)
]]>
    </error>
  </testcase> <!-- tearDown -->
  <testcase classname="seleniumUITest.TestNGTestClass" name="TestButton" time="0.113">
    <error message="no such element: Unable to locate element: {&quot;method&quot;:&quot;xpath&quot;,&quot;selector&quot;:&quot;//*[@class=&quot;accordion&quot;]//div[@class=&quot;element-group&quot;]//following::span[@class=&quot;text&quot; and contains(text(),&quot;Buttons&quot;)]&quot;}
  (Session info: chrome=145.0.7632.162)
For documentation on this error, please visit: https://www.selenium.dev/documentation/webdriver/troubleshooting/errors#no-such-element-exception
Build info: version: &#039;4.11.0&#039;, revision: &#039;040bc5406b&#039;
System info: os.name: &#039;Windows 11&#039;, os.arch: &#039;amd64&#039;, os.version: &#039;10.0&#039;, java.version: &#039;22.0.1&#039;
Driver info: org.openqa.selenium.chrome.ChromeDriver
Command: [0bac7cc092a01f993949ff27089183ff, findElement {using=xpath, value=//*[@class=&quot;accordion&quot;]//div[@class=&quot;element-group&quot;]//following::span[@class=&quot;text&quot; and contains(text(),&quot;Buttons&quot;)]}]
Capabilities {acceptInsecureCerts: false, browserName: chrome, browserVersion: 145.0.7632.162, chrome: {chromedriverVersion: 145.0.7632.117 (de4e5d6e13b..., userDataDir: C:\Users\ABHILA~1\AppData\L...}, fedcm:accounts: true, goog:chromeOptions: {debuggerAddress: localhost:52746}, goog:processID: 15536, networkConnectionEnabled: false, pageLoadStrategy: normal, platformName: windows, proxy: Proxy(), se:cdp: ws://localhost:52746/devtoo..., se:cdpVersion: 145.0.7632.162, setWindowRect: true, strictFileInteractability: false, timeouts: {implicit: 0, pageLoad: 300000, script: 30000}, unhandledPromptBehavior: dismiss and notify, webauthn:extension:credBlob: true, webauthn:extension:largeBlob: true, webauthn:extension:minPinLength: true, webauthn:extension:prf: true, webauthn:virtualAuthenticators: true}
Session ID: 0bac7cc092a01f993949ff27089183ff" type="org.openqa.selenium.NoSuchElementException">
      <![CDATA[org.openqa.selenium.NoSuchElementException: no such element: Unable to locate element: {"method":"xpath","selector":"//*[@class="accordion"]//div[@class="element-group"]//following::span[@class="text" and contains(text(),"Buttons")]"}
  (Session info: chrome=145.0.7632.162)
For documentation on this error, please visit: https://www.selenium.dev/documentation/webdriver/troubleshooting/errors#no-such-element-exception
Build info: version: '4.11.0', revision: '040bc5406b'
System info: os.name: 'Windows 11', os.arch: 'amd64', os.version: '10.0', java.version: '22.0.1'
Driver info: org.openqa.selenium.chrome.ChromeDriver
Command: [0bac7cc092a01f993949ff27089183ff, findElement {using=xpath, value=//*[@class="accordion"]//div[@class="element-group"]//following::span[@class="text" and contains(text(),"Buttons")]}]
Capabilities {acceptInsecureCerts: false, browserName: chrome, browserVersion: 145.0.7632.162, chrome: {chromedriverVersion: 145.0.7632.117 (de4e5d6e13b..., userDataDir: C:\Users\ABHILA~1\AppData\L...}, fedcm:accounts: true, goog:chromeOptions: {debuggerAddress: localhost:52746}, goog:processID: 15536, networkConnectionEnabled: false, pageLoadStrategy: normal, platformName: windows, proxy: Proxy(), se:cdp: ws://localhost:52746/devtoo..., se:cdpVersion: 145.0.7632.162, setWindowRect: true, strictFileInteractability: false, timeouts: {implicit: 0, pageLoad: 300000, script: 30000}, unhandledPromptBehavior: dismiss and notify, webauthn:extension:credBlob: true, webauthn:extension:largeBlob: true, webauthn:extension:minPinLength: true, webauthn:extension:prf: true, webauthn:virtualAuthenticators: true}
Session ID: 0bac7cc092a01f993949ff27089183ff
at java.base/jdk.internal.reflect.DirectConstructorHandleAccessor.newInstance(DirectConstructorHandleAccessor.java:62)
at java.base/java.lang.reflect.Constructor.newInstanceWithCaller(Constructor.java:502)
at java.base/java.lang.reflect.Constructor.newInstance(Constructor.java:486)
at org.openqa.selenium.remote.codec.w3c.W3CHttpResponseCodec.createException(W3CHttpResponseCodec.java:200)
at org.openqa.selenium.remote.codec.w3c.W3CHttpResponseCodec.decode(W3CHttpResponseCodec.java:133)
at org.openqa.selenium.remote.codec.w3c.W3CHttpResponseCodec.decode(W3CHttpResponseCodec.java:52)
at org.openqa.selenium.remote.HttpCommandExecutor.execute(HttpCommandExecutor.java:191)
at org.openqa.selenium.remote.service.DriverCommandExecutor.invokeExecute(DriverCommandExecutor.java:196)
at org.openqa.selenium.remote.service.DriverCommandExecutor.execute(DriverCommandExecutor.java:171)
at org.openqa.selenium.remote.RemoteWebDriver.execute(RemoteWebDriver.java:518)
at org.openqa.selenium.remote.ElementLocation$ElementFinder$2.findElement(ElementLocation.java:165)
at org.openqa.selenium.remote.ElementLocation.findElement(ElementLocation.java:59)
at org.openqa.selenium.remote.RemoteWebDriver.findElement(RemoteWebDriver.java:355)
at org.openqa.selenium.remote.RemoteWebDriver.findElement(RemoteWebDriver.java:349)
at seleniumUITest.SeleniumDemoTest.HandlingButton(SeleniumDemoTest.java:196)
at seleniumUITest.TestNGTestClass.TestButton(TestNGTestClass.java:12)
at java.base/jdk.internal.reflect.DirectMethodHandleAccessor.invoke(DirectMethodHandleAccessor.java:103)
at java.base/java.lang.reflect.Method.invoke(Method.java:580)
at org.testng.internal.invokers.MethodInvocationHelper.invokeMethod(MethodInvocationHelper.java:141)
at org.testng.internal.invokers.TestInvoker.invokeMethod(TestInvoker.java:686)
at org.testng.internal.invokers.TestInvoker.invokeTestMethod(TestInvoker.java:230)
at org.testng.internal.invokers.MethodRunner.runInSequence(MethodRunner.java:63)
at org.testng.internal.invokers.TestInvoker$MethodInvocationAgent.invoke(TestInvoker.java:992)
at org.testng.internal.invokers.TestInvoker.invokeTestMethods(TestInvoker.java:203)
at org.testng.internal.invokers.TestMethodWorker.invokeTestMethods(TestMethodWorker.java:154)
at org.testng.internal.invokers.TestMethodWorker.run(TestMethodWorker.java:134)
at java.base/java.util.ArrayList.forEach(ArrayList.java:1597)
at org.testng.TestRunner.privateRun(TestRunner.java:739)
at org.testng.TestRunner.run(TestRunner.java:614)
at org.testng.SuiteRunner.runTest(SuiteRunner.java:421)
at org.testng.SuiteRunner$SuiteWorker.run(SuiteRunner.java:463)
at org.testng.internal.thread.ThreadUtil.lambda$execute$0(ThreadUtil.java:64)
at java.base/java.util.concurrent.FutureTask.run(FutureTask.java:317)
at java.base/java.util.concurrent.ThreadPoolExecutor.runWorker(ThreadPoolExecutor.java:1144)
at java.base/java.util.concurrent.ThreadPoolExecutor$Worker.run(ThreadPoolExecutor.java:642)
at java.base/java.lang.Thread.run(Thread.java:1570)
]]>
    </error>
  </testcase> <!-- TestButton -->
  <testcase classname="seleniumUITest.TestNGTestClass" name="TestWebTable">
    <skipped/>
  </testcase> <!-- TestWebTable -->
  <testcase classname="seleniumUITest.TestNGTestClass" name="TestRadioButton">
    <skipped/>
  </testcase> <!-- TestRadioButton -->
  <testcase classname="seleniumUITest.TestNGTestClass" name="TestFrame">
    <skipped/>
  </testcase> <!-- TestFrame -->
  <testcase classname="seleniumUITest.TestNGTestClass" name="TestSlider">
    <skipped/>
  </testcase> <!-- TestSlider -->
  <testcase classname="seleniumUITest.TestNGTestClass" name="TestSelectable">
    <skipped/>
  </testcase> <!-- TestSelectable -->
  <testcase classname="seleniumUITest.TestNGTestClass" name="TestSortable">
    <skipped/>
  </testcase> <!-- TestSortable -->
  <testcase classname="seleniumUITest.TestNGTestClass" name="TestProgressBar">
    <skipped/>
  </testcase> <!-- TestProgressBar -->
  <testcase classname="seleniumUITest.TestNGTestClass" name="TestMenu">
    <skipped/>
  </testcase> <!-- TestMenu -->
  <testcase classname="seleniumUITest.TestNGTestClass" name="TestDroppable">
    <skipped/>
  </testcase> <!-- TestDroppable -->
  <testcase classname="seleniumUITest.TestNGTestClass" name="TestTabs">
    <skipped/>
  </testcase> <!-- TestTabs -->
  <testcase classname="seleniumUITest.TestNGTestClass" name="TestPracticeForm">
    <skipped/>
  </testcase> <!-- TestPracticeForm -->
  <testcase classname="seleniumUITest.TestNGTestClass" name="TestCheckBox">
    <skipped/>
  </testcase> <!-- TestCheckBox -->
  <testcase classname="seleniumUITest.TestNGTestClass" name="TestAlert">
    <skipped/>
  </testcase> <!-- TestAlert -->
  <testcase classname="seleniumUITest.TestNGTestClass" name="TestMultipleFrame">
    <skipped/>
  </testcase> <!-- TestMultipleFrame -->
  <testcase classname="seleniumUITest.TestNGTestClass" name="TestAccordion">
    <skipped/>
  </testcase> <!-- TestAccordion -->
  <testcase classname="seleniumUITest.TestNGTestClass" name="TestLink">
    <skipped/>
  </testcase> <!-- TestLink -->
  <testcase classname="seleniumUITest.TestNGTestClass" name="TestAutoComplete">
    <skipped/>
  </testcase> <!-- TestAutoComplete -->
  <testcase classname="seleniumUITest.TestNGTestClass" name="TestBrowserWindow">
    <skipped/>
  </testcase> <!-- TestBrowserWindow -->
  <testcase classname="seleniumUITest.TestNGTestClass" name="TestResizable">
    <skipped/>
  </testcase> <!-- TestResizable -->
  <testcase classname="seleniumUITest.TestNGTestClass" name="TestTextBox">
    <skipped/>
  </testcase> <!-- TestTextBox -->
  <testcase classname="seleniumUITest.TestNGTestClass" name="TestUpload">
    <skipped/>
  </testcase> <!-- TestUpload -->
  <testcase classname="seleniumUITest.TestNGTestClass" name="TestToolTip">
    <skipped/>
  </testcase> <!-- TestToolTip -->
  <testcase classname="seleniumUITest.TestNGTestClass" name="TestSelectMenu">
    <skipped/>
  </testcase> <!-- TestSelectMenu -->
  <testcase classname="seleniumUITest.TestNGTestClass" name="TestDraggable">
    <skipped/>
  </testcase> <!-- TestDraggable -->
  <testcase classname="seleniumUITest.TestNGTestClass" name="TestModalDialog">
    <skipped/>
  </testcase> <!-- TestModalDialog -->
  <testcase classname="seleniumUITest.TestNGTestClass" name="TestDatePicker">
    <skipped/>
  </testcase> <!-- TestDatePicker -->
</testsuite> <!-- seleniumUITest.TestNGTestClass -->
