<?xml version="1.0" encoding="UTF-8"?>
<!-- Generated by org.testng.reporters.JUnitReportReporter -->
<testsuite hostname="LAPTOP-F5VHM22K" failures="0" tests="27" name="seleniumUITest.tests.TestNGTestClass" time="3.767" errors="1" timestamp="2026-04-20T11:52:21 IST" skipped="26">
  <testcase classname="seleniumUITest.tests.TestNGTestClass" name="TestButton" time="3.767">
    <error message="no such element: Unable to locate element: {&quot;method&quot;:&quot;xpath&quot;,&quot;selector&quot;:&quot;//*[@class=&quot;accordion&quot;]//div[@class=&quot;element-group&quot;]//following::span[@class=&quot;text&quot; and contains(text(),&quot;Buttons&quot;)]&quot;}
  (Session info: chrome=147.0.7727.102)
For documentation on this error, please visit: https://www.selenium.dev/documentation/webdriver/troubleshooting/errors#no-such-element-exception
Build info: version: &#039;4.22.0&#039;, revision: &#039;c5f3146703*&#039;
System info: os.name: &#039;Windows 11&#039;, os.arch: &#039;amd64&#039;, os.version: &#039;10.0&#039;, java.version: &#039;25.0.2&#039;
Driver info: org.openqa.selenium.chrome.ChromeDriver
Command: [bf3cb22aa5990e4cf7073a4e6c7f38a1, findElement {value=//*[@class=&quot;accordion&quot;]//div[@class=&quot;element-group&quot;]//following::span[@class=&quot;text&quot; and contains(text(),&quot;Buttons&quot;)], using=xpath}]
Capabilities {acceptInsecureCerts: false, browserName: chrome, browserVersion: 147.0.7727.102, chrome: {chromedriverVersion: 147.0.7727.57 (b4f28b5637d0..., userDataDir: C:\Users\ABHILA~1\AppData\L...}, fedcm:accounts: true, goog:chromeOptions: {debuggerAddress: localhost:54558}, goog:processID: 31692, networkConnectionEnabled: false, pageLoadStrategy: normal, platformName: windows, proxy: Proxy(), se:cdp: ws://localhost:54558/devtoo..., se:cdpVersion: 147.0.7727.102, setWindowRect: true, strictFileInteractability: false, timeouts: {implicit: 0, pageLoad: 300000, script: 30000}, unhandledPromptBehavior: dismiss and notify, webauthn:extension:credBlob: true, webauthn:extension:largeBlob: true, webauthn:extension:minPinLength: true, webauthn:extension:prf: true, webauthn:virtualAuthenticators: true}
Session ID: bf3cb22aa5990e4cf7073a4e6c7f38a1" type="org.openqa.selenium.NoSuchElementException">
      <![CDATA[org.openqa.selenium.NoSuchElementException: no such element: Unable to locate element: {"method":"xpath","selector":"//*[@class="accordion"]//div[@class="element-group"]//following::span[@class="text" and contains(text(),"Buttons")]"}
  (Session info: chrome=147.0.7727.102)
For documentation on this error, please visit: https://www.selenium.dev/documentation/webdriver/troubleshooting/errors#no-such-element-exception
Build info: version: '4.22.0', revision: 'c5f3146703*'
System info: os.name: 'Windows 11', os.arch: 'amd64', os.version: '10.0', java.version: '25.0.2'
Driver info: org.openqa.selenium.chrome.ChromeDriver
Command: [bf3cb22aa5990e4cf7073a4e6c7f38a1, findElement {value=//*[@class="accordion"]//div[@class="element-group"]//following::span[@class="text" and contains(text(),"Buttons")], using=xpath}]
Capabilities {acceptInsecureCerts: false, browserName: chrome, browserVersion: 147.0.7727.102, chrome: {chromedriverVersion: 147.0.7727.57 (b4f28b5637d0..., userDataDir: C:\Users\ABHILA~1\AppData\L...}, fedcm:accounts: true, goog:chromeOptions: {debuggerAddress: localhost:54558}, goog:processID: 31692, networkConnectionEnabled: false, pageLoadStrategy: normal, platformName: windows, proxy: Proxy(), se:cdp: ws://localhost:54558/devtoo..., se:cdpVersion: 147.0.7727.102, setWindowRect: true, strictFileInteractability: false, timeouts: {implicit: 0, pageLoad: 300000, script: 30000}, unhandledPromptBehavior: dismiss and notify, webauthn:extension:credBlob: true, webauthn:extension:largeBlob: true, webauthn:extension:minPinLength: true, webauthn:extension:prf: true, webauthn:virtualAuthenticators: true}
Session ID: bf3cb22aa5990e4cf7073a4e6c7f38a1
at java.base/jdk.internal.reflect.DirectConstructorHandleAccessor.newInstance(DirectConstructorHandleAccessor.java:62)
at java.base/java.lang.reflect.Constructor.newInstanceWithCaller(Constructor.java:499)
at java.base/java.lang.reflect.Constructor.newInstance(Constructor.java:483)
at org.openqa.selenium.remote.ErrorCodec.decode(ErrorCodec.java:167)
at org.openqa.selenium.remote.codec.w3c.W3CHttpResponseCodec.decode(W3CHttpResponseCodec.java:138)
at org.openqa.selenium.remote.codec.w3c.W3CHttpResponseCodec.decode(W3CHttpResponseCodec.java:50)
at org.openqa.selenium.remote.HttpCommandExecutor.execute(HttpCommandExecutor.java:190)
at org.openqa.selenium.remote.service.DriverCommandExecutor.invokeExecute(DriverCommandExecutor.java:216)
at org.openqa.selenium.remote.service.DriverCommandExecutor.execute(DriverCommandExecutor.java:174)
at org.openqa.selenium.remote.RemoteWebDriver.execute(RemoteWebDriver.java:518)
at org.openqa.selenium.remote.ElementLocation$ElementFinder$2.findElement(ElementLocation.java:165)
at org.openqa.selenium.remote.ElementLocation.findElement(ElementLocation.java:59)
at org.openqa.selenium.remote.RemoteWebDriver.findElement(RemoteWebDriver.java:355)
at org.openqa.selenium.remote.RemoteWebDriver.findElement(RemoteWebDriver.java:349)
at seleniumUITest.tests.TestNGTestClass.HandlingButton(TestNGTestClass.java:377)
at seleniumUITest.tests.TestNGTestClass.TestButton(TestNGTestClass.java:63)
at java.base/jdk.internal.reflect.DirectMethodHandleAccessor.invoke(DirectMethodHandleAccessor.java:104)
at java.base/java.lang.reflect.Method.invoke(Method.java:565)
at org.testng.internal.invokers.MethodInvocationHelper.invokeMethod(MethodInvocationHelper.java:141)
at org.testng.internal.invokers.TestInvoker.invokeMethod(TestInvoker.java:686)
at org.testng.internal.invokers.TestInvoker.invokeTestMethod(TestInvoker.java:230)
at org.testng.internal.invokers.MethodRunner.runInSequence(MethodRunner.java:63)
at org.testng.internal.invokers.TestInvoker$MethodInvocationAgent.invoke(TestInvoker.java:992)
at org.testng.internal.invokers.TestInvoker.invokeTestMethods(TestInvoker.java:203)
at org.testng.internal.invokers.TestMethodWorker.invokeTestMethods(TestMethodWorker.java:154)
at org.testng.internal.invokers.TestMethodWorker.run(TestMethodWorker.java:134)
at java.base/java.util.ArrayList.forEach(ArrayList.java:1604)
at org.testng.TestRunner.privateRun(TestRunner.java:739)
at org.testng.TestRunner.run(TestRunner.java:614)
at org.testng.SuiteRunner.runTest(SuiteRunner.java:421)
at org.testng.SuiteRunner$SuiteWorker.run(SuiteRunner.java:463)
at org.testng.internal.thread.ThreadUtil.lambda$execute$0(ThreadUtil.java:64)
at java.base/java.util.concurrent.FutureTask.run(FutureTask.java:328)
at java.base/java.util.concurrent.ThreadPoolExecutor.runWorker(ThreadPoolExecutor.java:1090)
at java.base/java.util.concurrent.ThreadPoolExecutor$Worker.run(ThreadPoolExecutor.java:614)
at java.base/java.lang.Thread.run(Thread.java:1474)
]]>
    </error>
  </testcase> <!-- TestButton -->
  <testcase classname="seleniumUITest.tests.TestNGTestClass" name="TestRadioButton">
    <skipped/>
  </testcase> <!-- TestRadioButton -->
  <testcase classname="seleniumUITest.tests.TestNGTestClass" name="TestAccordion">
    <skipped/>
  </testcase> <!-- TestAccordion -->
  <testcase classname="seleniumUITest.tests.TestNGTestClass" name="TestBrowserWindow">
    <skipped/>
  </testcase> <!-- TestBrowserWindow -->
  <testcase classname="seleniumUITest.tests.TestNGTestClass" name="TestFrame">
    <skipped/>
  </testcase> <!-- TestFrame -->
  <testcase classname="seleniumUITest.tests.TestNGTestClass" name="TestPracticeForm">
    <skipped/>
  </testcase> <!-- TestPracticeForm -->
  <testcase classname="seleniumUITest.tests.TestNGTestClass" name="TestUpload">
    <skipped/>
  </testcase> <!-- TestUpload -->
  <testcase classname="seleniumUITest.tests.TestNGTestClass" name="TestMultipleFrame">
    <skipped/>
  </testcase> <!-- TestMultipleFrame -->
  <testcase classname="seleniumUITest.tests.TestNGTestClass" name="TestAlert">
    <skipped/>
  </testcase> <!-- TestAlert -->
  <testcase classname="seleniumUITest.tests.TestNGTestClass" name="TestDroppable">
    <skipped/>
  </testcase> <!-- TestDroppable -->
  <testcase classname="seleniumUITest.tests.TestNGTestClass" name="TestWebTable">
    <skipped/>
  </testcase> <!-- TestWebTable -->
  <testcase classname="seleniumUITest.tests.TestNGTestClass" name="TestMenu">
    <skipped/>
  </testcase> <!-- TestMenu -->
  <testcase classname="seleniumUITest.tests.TestNGTestClass" name="TestResizable">
    <skipped/>
  </testcase> <!-- TestResizable -->
  <testcase classname="seleniumUITest.tests.TestNGTestClass" name="TestTextBox">
    <skipped/>
  </testcase> <!-- TestTextBox -->
  <testcase classname="seleniumUITest.tests.TestNGTestClass" name="TestAutoComplete">
    <skipped/>
  </testcase> <!-- TestAutoComplete -->
  <testcase classname="seleniumUITest.tests.TestNGTestClass" name="TestSortable">
    <skipped/>
  </testcase> <!-- TestSortable -->
  <testcase classname="seleniumUITest.tests.TestNGTestClass" name="TestTabs">
    <skipped/>
  </testcase> <!-- TestTabs -->
  <testcase classname="seleniumUITest.tests.TestNGTestClass" name="TestDraggable">
    <skipped/>
  </testcase> <!-- TestDraggable -->
  <testcase classname="seleniumUITest.tests.TestNGTestClass" name="TestDatePicker">
    <skipped/>
  </testcase> <!-- TestDatePicker -->
  <testcase classname="seleniumUITest.tests.TestNGTestClass" name="TestProgressBar">
    <skipped/>
  </testcase> <!-- TestProgressBar -->
  <testcase classname="seleniumUITest.tests.TestNGTestClass" name="TestSelectMenu">
    <skipped/>
  </testcase> <!-- TestSelectMenu -->
  <testcase classname="seleniumUITest.tests.TestNGTestClass" name="TestToolTip">
    <skipped/>
  </testcase> <!-- TestToolTip -->
  <testcase classname="seleniumUITest.tests.TestNGTestClass" name="TestSelectable">
    <skipped/>
  </testcase> <!-- TestSelectable -->
  <testcase classname="seleniumUITest.tests.TestNGTestClass" name="TestCheckBox">
    <skipped/>
  </testcase> <!-- TestCheckBox -->
  <testcase classname="seleniumUITest.tests.TestNGTestClass" name="TestLink">
    <skipped/>
  </testcase> <!-- TestLink -->
  <testcase classname="seleniumUITest.tests.TestNGTestClass" name="TestModalDialog">
    <skipped/>
  </testcase> <!-- TestModalDialog -->
  <testcase classname="seleniumUITest.tests.TestNGTestClass" name="TestSlider">
    <skipped/>
  </testcase> <!-- TestSlider -->
</testsuite> <!-- seleniumUITest.tests.TestNGTestClass -->
